<?xml version="1.0" encoding="UTF-8"?>
<testsuite name="test" tests="1" skipped="0" failures="0" errors="0" timestamp="2017-04-15T01:52:05" hostname="Ash.local" time="0.009">
  <properties/>
  <testcase name="dummyTest" classname="test" time="0.009"/>
  <system-out><![CDATA[]]></system-out>
  <system-err><![CDATA[]]></system-err>
</testsuite>
